Flutter crash report.
Please report a bug at https://github.com/flutter/flutter/issues.

## command

flutter --no-color pub get

## exception

PathNotFoundException: PathNotFoundException: Cannot open file, path = 'C:\Users\luoyi\fvm\default\version' (OS Error: 系统找不到指定的文件。
, errno = 2)

```
#0      _File.throwIfError (dart:io/file_impl.dart:675:7)
#1      _File.openSync (dart:io/file_impl.dart:490:5)
#2      _File.readAsBytesSync (dart:io/file_impl.dart:574:18)
#3      _File.readAsStringSync (dart:io/file_impl.dart:624:18)
#4      ForwardingFile.readAsStringSync (package:file/src/forwarding/forwarding_file.dart:99:16)
#5      ErrorHandlingFile.readAsStringSync.<anonymous closure> (package:flutter_tools/src/base/error_handling_io.dart:217:22)
#6      _runSync (package:flutter_tools/src/base/error_handling_io.dart:587:14)
#7      ErrorHandlingFile.readAsStringSync (package:flutter_tools/src/base/error_handling_io.dart:216:12)
#8      _DefaultPub._updateVersionAndPackageConfig (package:flutter_tools/src/dart/pub.dart:660:50)
#9      _DefaultPub.interactively (package:flutter_tools/src/dart/pub.dart:538:13)
<asynchronous suspension>
#10     PackagesGetCommand.runCommand (package:flutter_tools/src/commands/packages.dart:346:7)
<asynchronous suspension>
#11     FlutterCommand.run.<anonymous closure> (package:flutter_tools/src/runner/flutter_command.dart:1394:27)
<asynchronous suspension>
#12     AppContext.run.<anonymous closure> (package:flutter_tools/src/base/context.dart:153:19)
<asynchronous suspension>
#13     CommandRunner.runCommand (package:args/command_runner.dart:212:13)
<asynchronous suspension>
#14     FlutterCommandRunner.runCommand.<anonymous closure> (package:flutter_tools/src/runner/flutter_command_runner.dart:372:9)
<asynchronous suspension>
#15     AppContext.run.<anonymous closure> (package:flutter_tools/src/base/context.dart:153:19)
<asynchronous suspension>
#16     FlutterCommandRunner.runCommand (package:flutter_tools/src/runner/flutter_command_runner.dart:308:5)
<asynchronous suspension>
#17     run.<anonymous closure>.<anonymous closure> (package:flutter_tools/runner.dart:119:9)
<asynchronous suspension>
#18     AppContext.run.<anonymous closure> (package:flutter_tools/src/base/context.dart:153:19)
<asynchronous suspension>
#19     main (package:flutter_tools/executable.dart:93:3)
<asynchronous suspension>
```

## flutter doctor

```
[!] Flutter (Channel master, 3.22.0-9.0.pre.7, on Microsoft Windows [版本 10.0.19044.3086], locale zh-CN)
    • Flutter version 3.22.0-9.0.pre.7 on channel master at C:\Users\luoyi\fvm\default
    ! Warning: `flutter` on your path resolves to C:\Users\luoyi\fvm\versions\master\bin\flutter, which is not inside your current Flutter SDK checkout at C:\Users\luoyi\fvm\default. Consider adding C:\Users\luoyi\fvm\default\bin to the front of your path.
    ! Warning: `dart` on your path resolves to C:\Users\luoyi\fvm\versions\master\bin\dart, which is not inside your current Flutter SDK checkout at C:\Users\luoyi\fvm\default. Consider adding C:\Users\luoyi\fvm\default\bin to the front of your path.
    • Upstream repository https://github.com/flutter/flutter.git
    • Framework revision 557fbf5167 (3 days ago), 2024-04-11 14:46:13 +0100
    • Engine revision d8560d495d
    • Dart version 3.5.0 (build 3.5.0-47.0.dev)
    • DevTools version 2.34.1
    • Pub download mirror https://pub.flutter-io.cn
    • Flutter download mirror https://storage.flutter-io.cn
    • If those were intentional, you can disregard the above warnings; however it is recommended to use "git" directly to perform update checks and upgrades.

[✓] Windows Version (Installed version of Windows is version 10 or higher)

[!] Android toolchain - develop for Android devices (Android SDK version 33.0.1)
    • Android SDK at C:\Users\luoyi\AppData\Local\Android\Sdk
    • Platform android-34, build-tools 33.0.1
    • ANDROID_SDK_ROOT = C:\Users\luoyi\AppData\Local\Android\Sdk
    • Java binary at: C:\Program Files\Java\jdk-11.0.1\bin\java
    • Java version Java(TM) SE Runtime Environment 18.9 (build 11.0.1+13-LTS)
    ✗ Android license status unknown.
      Run `flutter doctor --android-licenses` to accept the SDK licenses.
      See https://flutter.dev/docs/get-started/install/windows#android-setup for more details.

[✓] Chrome - develop for the web
    • Chrome at C:\Program Files\Google\Chrome\Application\chrome.exe

[✓] Visual Studio - develop Windows apps (Visual Studio Community 2022 17.5.1)
    • Visual Studio at C:\Program Files\Microsoft Visual Studio\2022\Community
    • Visual Studio Community 2022 version 17.5.33424.131
    • Windows 10 SDK version 10.0.22000.0

[✓] Android Studio (version 2022.3)
    • Android Studio at C:\Program Files\Android\Android Studio1
    • Flutter plugin can be installed from:
      🔨 https://plugins.jetbrains.com/plugin/9212-flutter
    • Dart plugin can be installed from:
      🔨 https://plugins.jetbrains.com/plugin/6351-dart
    • Java version OpenJDK Runtime Environment (build 17.0.6+0-b2043.56-10027231)

[!] Android Studio (version unknown)
    • Android Studio at C:/Program Files/Android/Android Studio
    • Flutter plugin can be installed from:
      🔨 https://plugins.jetbrains.com/plugin/9212-flutter
    • Dart plugin can be installed from:
      🔨 https://plugins.jetbrains.com/plugin/6351-dart
    ✗ Unable to determine Android Studio version.
    ✗ android-studio-dir = C:/Program Files/Android/Android Studio
    ✗ Unable to find bundled Java version.
    • Try updating or re-installing Android Studio.
    • Consider removing your android-studio-dir setting by running:
      flutter config --android-studio-dir=

[✓] VS Code, 64-bit edition (version 1.88.0)
    • VS Code at C:\Program Files\Microsoft VS Code
    • Flutter extension version 3.86.0

[✓] Connected device (4 available)
    • 23116PN5BC (mobile) • 127dcae8 • android-arm64  • Android 14 (API 34)
    • Windows (desktop)   • windows  • windows-x64    • Microsoft Windows [版本 10.0.19044.3086]
    • Chrome (web)        • chrome   • web-javascript • Google Chrome 123.0.6312.122
    • Edge (web)          • edge     • web-javascript • Microsoft Edge 123.0.2420.81

[✓] Network resources
    • All expected network resources are available.

! Doctor found issues in 3 categories.
```
